c:\cpen333assignment2\assignment2\assignment2\debug\vc142.pdb
c:\cpen333assignment2\assignment2\assignment2\debug\vc142.idb
c:\cpen333assignment2\assignment2\assignment2\debug\student.obj
c:\cpen333assignment2\assignment2\assignment2\debug\main.obj
c:\cpen333assignment2\assignment2\assignment2\debug\login.obj
c:\cpen333assignment2\assignment2\assignment2\debug\home.obj
c:\cpen333assignment2\assignment2\assignment2\debug\discplinemanager.obj
c:\cpen333assignment2\assignment2\assignment2\debug\discipline.obj
c:\cpen333assignment2\assignment2\assignment2\debug\database.obj
c:\cpen333assignment2\assignment2\assignment2\debug\coursemanager.obj
c:\cpen333assignment2\assignment2\assignment2\debug\course.obj
c:\cpen333assignment2\assignment2\assignment2\debug\rt.obj
c:\cpen333assignment2\assignment2\assignment2\debug\user.obj
c:\cpen333assignment2\assignment2\debug\assignment2.ilk
c:\cpen333assignment2\assignment2\debug\assignment2.exe
c:\cpen333assignment2\assignment2\debug\assignment2.pdb
c:\cpen333assignment2\assignment2\assignment2\debug\assignment2.tlog\cl.command.1.tlog
c:\cpen333assignment2\assignment2\assignment2\debug\assignment2.tlog\cl.read.1.tlog
c:\cpen333assignment2\assignment2\assignment2\debug\assignment2.tlog\cl.write.1.tlog
c:\cpen333assignment2\assignment2\assignment2\debug\assignment2.tlog\link.command.1.tlog
c:\cpen333assignment2\assignment2\assignment2\debug\assignment2.tlog\link.read.1.tlog
c:\cpen333assignment2\assignment2\assignment2\debug\assignment2.tlog\link.write.1.tlog
